build/app/intermediates/manifest_merge_blame_file/release/manifest-merger-blame-release-report.txt
1<?xml version="1.0" encoding="utf-8"?>
2<manifest xmlns:android="http://schemas.android.com/apk/res/android"
3    package="com.example.memo_pbl2"
4    android:versionCode="1"
5    android:versionName="1.0.0" >
6
7    <uses-sdk
8        android:minSdkVersion="16"
8-->src/main/AndroidManifest.xml
9        android:targetSdkVersion="29" />
9-->src/main/AndroidManifest.xml
10
11    <uses-permission android:name="android.permission.INTERNET" />
11-->src/main/AndroidManifest.xml:49:5-67
11-->src/main/AndroidManifest.xml:49:22-64
12    <uses-permission android:name="android.permission.VIBRATE" />
12-->src/main/AndroidManifest.xml:50:5-66
12-->src/main/AndroidManifest.xml:50:22-63
13    <uses-permission android:name="android.permission.RECEIVE_BOOT_COMPLETED" />
13-->src/main/AndroidManifest.xml:51:5-80
13-->src/main/AndroidManifest.xml:51:22-78
14    <uses-permission android:name="android.permission.ACCESS_COARSE_LOCATION" />
14-->[:location] AndroidManifest.xml:7:5-81
14-->[:location] AndroidManifest.xml:7:22-78
15    <uses-permission android:name="android.permission.ACCESS_FINE_LOCATION" />
15-->[:location] AndroidManifest.xml:8:5-79
15-->[:location] AndroidManifest.xml:8:22-76
16    <uses-permission android:name="android.permission.ACCESS_WIFI_STATE" /> <!-- Include required permissions for Google Maps API to run. -->
16-->[com.google.android.libraries.places:places:2.4.0] AndroidManifest.xml:10:5-76
16-->[com.google.android.libraries.places:places:2.4.0] AndroidManifest.xml:10:22-73
17    <uses-permission android:name="android.permission.ACCESS_NETWORK_STATE" />
17-->[com.google.android.gms:play-services-maps:17.0.0] AndroidManifest.xml:23:5-79
17-->[com.google.android.gms:play-services-maps:17.0.0] AndroidManifest.xml:23:22-76
18
19    <uses-feature
19-->[com.google.android.gms:play-services-maps:17.0.0] AndroidManifest.xml:26:5-28:35
20        android:glEsVersion="0x00020000"
20-->[com.google.android.gms:play-services-maps:17.0.0] AndroidManifest.xml:27:9-41
21        android:required="true" />
21-->[com.google.android.gms:play-services-maps:17.0.0] AndroidManifest.xml:28:9-32
22    <!--
23 io.flutter.app.FlutterApplication is an android.app.Application that
24         calls FlutterMain.startInitialization(this); in its onCreate method.
25         In most cases you can leave this as-is, but you if you want to provide
26         additional functionality it is fine to subclass or reimplement
27         FlutterApplication and put your custom class here.
28    -->
29    <application
29-->src/main/AndroidManifest.xml:8:5-48:19
30        android:name="io.flutter.app.FlutterApplication"
30-->src/main/AndroidManifest.xml:9:9-57
31        android:appComponentFactory="androidx.core.app.CoreComponentFactory"
31-->[androidx.core:core:1.3.2] AndroidManifest.xml:24:18-86
32        android:icon="@mipmap/ic_launcher"
32-->src/main/AndroidManifest.xml:11:9-43
33        android:label="memo_pbl2" >
33-->src/main/AndroidManifest.xml:10:9-34
34        <activity
34-->src/main/AndroidManifest.xml:12:9-40:20
35            android:name="com.example.memo_pbl2.MainActivity"
35-->src/main/AndroidManifest.xml:13:13-41
36            android:configChanges="orientation|keyboardHidden|keyboard|screenSize|smallestScreenSize|locale|layoutDirection|fontScale|screenLayout|density|uiMode"
36-->src/main/AndroidManifest.xml:16:13-163
37            android:hardwareAccelerated="true"
37-->src/main/AndroidManifest.xml:17:13-47
38            android:launchMode="singleTop"
38-->src/main/AndroidManifest.xml:14:13-43
39            android:theme="@style/LaunchTheme"
39-->src/main/AndroidManifest.xml:15:13-47
40            android:windowSoftInputMode="adjustResize" >
40-->src/main/AndroidManifest.xml:18:13-55
41
42            <!--
43                 Specifies an Android theme to apply to this Activity as soon as
44                 the Android process has started. This theme is visible to the user
45                 while the Flutter UI initializes. After that, this theme continues
46                 to determine the Window background behind the Flutter UI.
47            -->
48            <meta-data
48-->src/main/AndroidManifest.xml:23:13-26:17
49                android:name="io.flutter.embedding.android.NormalTheme"
49-->src/main/AndroidManifest.xml:24:15-70
50                android:resource="@style/NormalTheme" />
50-->src/main/AndroidManifest.xml:25:15-52
51            <!--
52                 Displays an Android View that continues showing the launch screen
53                 Drawable until Flutter paints its first frame, then this splash
54                 screen fades out. A splash screen is useful to avoid any visual
55                 gap between the end of Android's launch screen and the painting of
56                 Flutter's first frame.
57            -->
58            <meta-data
58-->src/main/AndroidManifest.xml:32:13-35:17
59                android:name="io.flutter.embedding.android.SplashScreenDrawable"
59-->src/main/AndroidManifest.xml:33:15-79
60                android:resource="@drawable/launch_background" />
60-->src/main/AndroidManifest.xml:34:15-61
61
62            <intent-filter>
62-->src/main/AndroidManifest.xml:36:13-39:29
63                <action android:name="android.intent.action.MAIN" />
63-->src/main/AndroidManifest.xml:37:17-68
63-->src/main/AndroidManifest.xml:37:25-66
64
65                <category android:name="android.intent.category.LAUNCHER" />
65-->src/main/AndroidManifest.xml:38:17-76
65-->src/main/AndroidManifest.xml:38:27-74
66            </intent-filter>
67        </activity>
68        <!--
69             Don't delete the meta-data below.
70             This is used by the Flutter tool to generate GeneratedPluginRegistrant.java
71        -->
72        <meta-data
72-->src/main/AndroidManifest.xml:43:9-45:33
73            android:name="flutterEmbedding"
73-->src/main/AndroidManifest.xml:44:13-44
74            android:value="2" />
74-->src/main/AndroidManifest.xml:45:13-30
75        <meta-data
75-->src/main/AndroidManifest.xml:46:9-47:70
76            android:name="com.google.android.geo.API_KEY"
76-->src/main/AndroidManifest.xml:46:20-65
77            android:value="AIzaSyAW2IuelHY1Op8I71A5RSKfD4lZAFQ8lhQ" />
77-->src/main/AndroidManifest.xml:47:13-68
78
79        <service
79-->[:location] AndroidManifest.xml:11:9-15:56
80            android:name="com.lyokone.location.FlutterLocationService"
80-->[:location] AndroidManifest.xml:12:13-71
81            android:enabled="true"
81-->[:location] AndroidManifest.xml:13:13-35
82            android:exported="false"
82-->[:location] AndroidManifest.xml:14:13-37
83            android:foregroundServiceType="location" />
83-->[:location] AndroidManifest.xml:15:13-53
84
85        <activity
85-->[com.google.android.libraries.places:places:2.4.0] AndroidManifest.xml:14:9-20:20
86            android:name="com.google.android.libraries.places.widget.AutocompleteActivity"
86-->[com.google.android.libraries.places:places:2.4.0] AndroidManifest.xml:15:13-91
87            android:exported="false"
87-->[com.google.android.libraries.places:places:2.4.0] AndroidManifest.xml:16:13-37
88            android:label="@string/places_autocomplete_label"
88-->[com.google.android.libraries.places:places:2.4.0] AndroidManifest.xml:17:13-62
89            android:theme="@style/PlacesAutocompleteOverlay"
89-->[com.google.android.libraries.places:places:2.4.0] AndroidManifest.xml:18:13-61
90            android:windowSoftInputMode="adjustResize" >
90-->[com.google.android.libraries.places:places:2.4.0] AndroidManifest.xml:19:13-55
91        </activity> <!-- Needs to be explicitly declared on P+ -->
92        <uses-library
92-->[com.google.android.gms:play-services-maps:17.0.0] AndroidManifest.xml:33:9-35:40
93            android:name="org.apache.http.legacy"
93-->[com.google.android.gms:play-services-maps:17.0.0] AndroidManifest.xml:34:13-50
94            android:required="false" />
94-->[com.google.android.gms:play-services-maps:17.0.0] AndroidManifest.xml:35:13-37
95
96        <activity
96-->[com.google.android.gms:play-services-base:17.2.1] AndroidManifest.xml:23:9-26:75
97            android:name="com.google.android.gms.common.api.GoogleApiActivity"
97-->[com.google.android.gms:play-services-base:17.2.1] AndroidManifest.xml:24:13-79
98            android:exported="false"
98-->[com.google.android.gms:play-services-base:17.2.1] AndroidManifest.xml:25:13-37
99            android:theme="@android:style/Theme.Translucent.NoTitleBar" />
99-->[com.google.android.gms:play-services-base:17.2.1] AndroidManifest.xml:26:13-72
100
101        <meta-data
101-->[com.google.android.gms:play-services-basement:17.2.1] AndroidManifest.xml:23:9-25:69
102            android:name="com.google.android.gms.version"
102-->[com.google.android.gms:play-services-basement:17.2.1] AndroidManifest.xml:24:13-58
103            android:value="@integer/google_play_services_version" />
103-->[com.google.android.gms:play-services-basement:17.2.1] AndroidManifest.xml:25:13-66
104
105        <service
105-->[com.google.android.datatransport:transport-backend-cct:2.3.0] AndroidManifest.xml:29:9-35:19
106            android:name="com.google.android.datatransport.runtime.backends.TransportBackendDiscovery"
106-->[com.google.android.datatransport:transport-backend-cct:2.3.0] AndroidManifest.xml:30:13-103
107            android:exported="false" >
107-->[com.google.android.datatransport:transport-backend-cct:2.3.0] AndroidManifest.xml:31:13-37
108            <meta-data
108-->[com.google.android.datatransport:transport-backend-cct:2.3.0] AndroidManifest.xml:32:13-34:39
109                android:name="backend:com.google.android.datatransport.cct.CctBackendFactory"
109-->[com.google.android.datatransport:transport-backend-cct:2.3.0] AndroidManifest.xml:33:17-94
110                android:value="cct" />
110-->[com.google.android.datatransport:transport-backend-cct:2.3.0] AndroidManifest.xml:34:17-36
111        </service>
112        <service
112-->[com.google.android.datatransport:transport-runtime:2.2.3] AndroidManifest.xml:26:9-30:19
113            android:name="com.google.android.datatransport.runtime.scheduling.jobscheduling.JobInfoSchedulerService"
113-->[com.google.android.datatransport:transport-runtime:2.2.3] AndroidManifest.xml:27:13-117
114            android:exported="false"
114-->[com.google.android.datatransport:transport-runtime:2.2.3] AndroidManifest.xml:28:13-37
115            android:permission="android.permission.BIND_JOB_SERVICE" >
115-->[com.google.android.datatransport:transport-runtime:2.2.3] AndroidManifest.xml:29:13-69
116        </service>
117
118        <receiver
118-->[com.google.android.datatransport:transport-runtime:2.2.3] AndroidManifest.xml:32:9-34:40
119            android:name="com.google.android.datatransport.runtime.scheduling.jobscheduling.AlarmManagerSchedulerBroadcastReceiver"
119-->[com.google.android.datatransport:transport-runtime:2.2.3] AndroidManifest.xml:33:13-132
120            android:exported="false" />
120-->[com.google.android.datatransport:transport-runtime:2.2.3] AndroidManifest.xml:34:13-37
121
122        <provider
122-->[androidx.lifecycle:lifecycle-process:2.1.0] AndroidManifest.xml:23:9-27:43
123            android:name="androidx.lifecycle.ProcessLifecycleOwnerInitializer"
123-->[androidx.lifecycle:lifecycle-process:2.1.0] AndroidManifest.xml:24:13-79
124            android:authorities="com.example.memo_pbl2.lifecycle-process"
124-->[androidx.lifecycle:lifecycle-process:2.1.0] AndroidManifest.xml:25:13-69
125            android:exported="false"
125-->[androidx.lifecycle:lifecycle-process:2.1.0] AndroidManifest.xml:26:13-37
126            android:multiprocess="true" />
126-->[androidx.lifecycle:lifecycle-process:2.1.0] AndroidManifest.xml:27:13-40
127    </application>
128
129</manifest>